transcribing seeds...
Loading weights:   0%|          | 0/245 [00:00<?, ?it/s]Loading weights: 100%|##########| 245/245 [00:00<00:00, 12020.87it/s]
[transformers] Using custom `forced_decoder_ids` from the (generation) config. This is deprecated in favor of the `task` and `language` flags/config options.
[transformers] A custom logits processor of type <class 'transformers.generation.logits_process.SuppressTokensLogitsProcessor'> has been passed to `.generate()`, but it was also created in `.generate()`, given its parameterization. The custom <class 'transformers.generation.logits_process.SuppressTokensLogitsProcessor'> will take precedence. Please check the docstring of <class 'transformers.generation.logits_process.SuppressTokensLogitsProcessor'> to see related `.generate()` flags.
[transformers] A custom logits processor of type <class 'transformers.generation.logits_process.SuppressTokensAtBeginLogitsProcessor'> has been passed to `.generate()`, but it was also created in `.generate()`, given its parameterization. The custom <class 'transformers.generation.logits_process.SuppressTokensAtBeginLogitsProcessor'> will take precedence. Please check the docstring of <class 'transformers.generation.logits_process.SuppressTokensAtBeginLogitsProcessor'> to see related `.generate()` flags.
[transformers] Ignoring clean_up_tokenization_spaces=True for BPE tokenizer WhisperTokenizer. The clean_up_tokenization post-processing step is designed for WordPiece tokenizers and is destructive for BPE (it strips spaces before punctuation). Set clean_up_tokenization_spaces=False to suppress this warning, or set clean_up_tokenization_spaces_for_bpe_even_though_it_will_corrupt_output=True to force cleanup anyway.
[transformers] Model config: pad_token_id must be `None` or an integer within the vocabulary (between 0 and 2050), got 128002. This may result in unexpected behavior.
[transformers] Model config: bos_token_id must be `None` or an integer within the vocabulary (between 0 and 2050), got 128000. This may result in unexpected behavior.
[transformers] Model config: audio_token_id must be `None` or an integer within the vocabulary (between 0 and 2050), got 128002. This may result in unexpected behavior.
[transformers] Model config: audio_eos_token_id must be `None` or an integer within the vocabulary (between 0 and 2050), got 128003. This may result in unexpected behavior.
Fetching 2 files:   0%|          | 0/2 [00:00<?, ?it/s]Fetching 2 files: 100%|##########| 2/2 [00:00<00:00, 2504.81it/s]
Loading weights:   0%|          | 0/538 [00:00<?, ?it/s]Loading weights:   0%|          | 1/538 [00:00<01:36,  5.57it/s]Loading weights:   3%|2         | 14/538 [00:00<00:09, 57.13it/s]Loading weights:   6%|5         | 31/538 [00:00<00:05, 95.36it/s]Loading weights:   9%|8         | 48/538 [00:00<00:04, 116.50it/s]Loading weights:  12%|#1        | 62/538 [00:00<00:03, 122.66it/s]Loading weights:  14%|#4        | 76/538 [00:00<00:03, 127.94it/s]Loading weights:  17%|#7        | 93/538 [00:00<00:03, 138.19it/s]Loading weights:  20%|##        | 108/538 [00:00<00:03, 141.63it/s]Loading weights:  23%|##2       | 123/538 [00:01<00:03, 137.59it/s]Loading weights:  26%|##5       | 139/538 [00:01<00:02, 139.98it/s]Loading weights:  58%|#####8    | 314/538 [00:01<00:00, 601.07it/s]Loading weights:  92%|#########2| 497/538 [00:01<00:00, 922.34it/s]Loading weights: 100%|##########| 538/538 [00:01<00:00, 286.60it/s]
turn 1 spk 1 7.0 s
turn 2 spk 0 7.8 s
turn 3 spk 1 6.7 s
turn 4 spk 0 6.2 s
turn 5 spk 1 8.9 s
turn 6 spk 0 5.1 s
turn 7 spk 1 6.5 s
turn 8 spk 0 6.9 s
turn 9 spk 1 7.4 s
turn 10 spk 0 4.6 s
turn 11 spk 1 4.5 s
turn 12 spk 0 2.2 s
WROTE episode_personas.wav 74.5 sec
