[transformers] Model config: pad_token_id must be `None` or an integer within the vocabulary (between 0 and 2050), got 128002. This may result in unexpected behavior.
[transformers] Model config: bos_token_id must be `None` or an integer within the vocabulary (between 0 and 2050), got 128000. This may result in unexpected behavior.
[transformers] Model config: audio_token_id must be `None` or an integer within the vocabulary (between 0 and 2050), got 128002. This may result in unexpected behavior.
[transformers] Model config: audio_eos_token_id must be `None` or an integer within the vocabulary (between 0 and 2050), got 128003. This may result in unexpected behavior.
Fetching 2 files:   0%|          | 0/2 [00:00<?, ?it/s]Fetching 2 files: 100%|##########| 2/2 [00:00<00:00, 3788.89it/s]
Loading weights:   0%|          | 0/538 [00:00<?, ?it/s]Loading weights:   0%|          | 1/538 [00:00<02:06,  4.23it/s]Loading weights:   2%|2         | 13/538 [00:00<00:10, 47.83it/s]Loading weights:   6%|5         | 30/538 [00:00<00:05, 88.38it/s]Loading weights:   8%|8         | 44/538 [00:00<00:04, 104.90it/s]Loading weights:  11%|#         | 58/538 [00:00<00:04, 115.42it/s]Loading weights:  14%|#3        | 75/538 [00:00<00:03, 129.74it/s]Loading weights:  17%|#6        | 89/538 [00:00<00:03, 132.50it/s]Loading weights:  19%|#9        | 103/538 [00:00<00:03, 133.95it/s]Loading weights:  22%|##2       | 120/538 [00:01<00:02, 141.97it/s]Loading weights:  25%|##5       | 135/538 [00:01<00:02, 142.49it/s]Loading weights:  43%|####3     | 232/538 [00:01<00:00, 385.83it/s]Loading weights:  92%|#########2| 497/538 [00:01<00:00, 683.18it/s]Loading weights: 100%|##########| 538/538 [00:01<00:00, 278.80it/s]
turn 1 done 8.7 s mode= ctx
turn 2 done 2.5 s mode= ctx
turn 3 done 3.0 s mode= ctx
turn 4 done 7.8 s mode= ctx
turn 5 done 1.4 s mode= ctx
turn 6 done 0.7 s mode= ctx
turn 7 done 0.8 s mode= ctx
turn 8 done 9.0 s mode= ctx
turn 9 done 7.2 s mode= ctx
turn 10 done 5.0 s mode= ctx
turn 11 done 3.4 s mode= ctx
turn 12 done 8.2 s mode= ctx
turn 13 done 4.8 s mode= ctx
turn 14 done 7.5 s mode= ctx
turn 15 done 3.0 s mode= ctx
turn 16 done 6.6 s mode= ctx
turn 17 done 1.8 s mode= ctx
WROTE episode_csm.wav 84.2 sec
