transcribing references with whisper...
Loading weights:   0%|          | 0/245 [00:00<?, ?it/s]Loading weights: 100%|##########| 245/245 [00:00<00:00, 12434.11it/s]
[transformers] Using custom `forced_decoder_ids` from the (generation) config. This is deprecated in favor of the `task` and `language` flags/config options.
[transformers] A custom logits processor of type <class 'transformers.generation.logits_process.SuppressTokensLogitsProcessor'> has been passed to `.generate()`, but it was also created in `.generate()`, given its parameterization. The custom <class 'transformers.generation.logits_process.SuppressTokensLogitsProcessor'> will take precedence. Please check the docstring of <class 'transformers.generation.logits_process.SuppressTokensLogitsProcessor'> to see related `.generate()` flags.
[transformers] A custom logits processor of type <class 'transformers.generation.logits_process.SuppressTokensAtBeginLogitsProcessor'> has been passed to `.generate()`, but it was also created in `.generate()`, given its parameterization. The custom <class 'transformers.generation.logits_process.SuppressTokensAtBeginLogitsProcessor'> will take precedence. Please check the docstring of <class 'transformers.generation.logits_process.SuppressTokensAtBeginLogitsProcessor'> to see related `.generate()` flags.
[transformers] Ignoring clean_up_tokenization_spaces=True for BPE tokenizer WhisperTokenizer. The clean_up_tokenization post-processing step is designed for WordPiece tokenizers and is destructive for BPE (it strips spaces before punctuation). Set clean_up_tokenization_spaces=False to suppress this warning, or set clean_up_tokenization_spaces_for_bpe_even_though_it_will_corrupt_output=True to force cleanup anyway.
[transformers] Model config: pad_token_id must be `None` or an integer within the vocabulary (between 0 and 2050), got 128002. This may result in unexpected behavior.
[transformers] Model config: bos_token_id must be `None` or an integer within the vocabulary (between 0 and 2050), got 128000. This may result in unexpected behavior.
[transformers] Model config: audio_token_id must be `None` or an integer within the vocabulary (between 0 and 2050), got 128002. This may result in unexpected behavior.
[transformers] Model config: audio_eos_token_id must be `None` or an integer within the vocabulary (between 0 and 2050), got 128003. This may result in unexpected behavior.
ref texts: ['for with his eye he could not follow it, so as to ', "One, in the meantime, Herod's affairs in Judea wer", 'To his only fools speak evil of the clay, the very']
Fetching 2 files:   0%|          | 0/2 [00:00<?, ?it/s]Fetching 2 files: 100%|##########| 2/2 [00:00<00:00, 3439.36it/s]
Loading weights:   0%|          | 0/538 [00:00<?, ?it/s]Loading weights:   0%|          | 1/538 [00:00<02:08,  4.17it/s]Loading weights:   2%|2         | 13/538 [00:00<00:11, 47.31it/s]Loading weights:   6%|5         | 30/538 [00:00<00:05, 87.49it/s]Loading weights:   8%|8         | 44/538 [00:00<00:04, 104.55it/s]Loading weights:  11%|#         | 58/538 [00:00<00:04, 112.84it/s]Loading weights:  14%|#3        | 75/538 [00:00<00:03, 127.35it/s]Loading weights:  17%|#6        | 89/538 [00:00<00:03, 129.61it/s]Loading weights:  19%|#9        | 103/538 [00:00<00:03, 132.56it/s]Loading weights:  22%|##2       | 120/538 [00:01<00:02, 140.15it/s]Loading weights:  25%|##5       | 135/538 [00:01<00:02, 136.98it/s]Loading weights:  44%|####3     | 236/538 [00:01<00:00, 386.37it/s]Loading weights:  92%|#########2| 497/538 [00:01<00:00, 672.99it/s]Loading weights: 100%|##########| 538/538 [00:01<00:00, 274.75it/s]
turn 1 spk 0 5.4 s
turn 2 spk 1 2.5 s
turn 3 spk 2 6.2 s
turn 4 spk 0 3.0 s
turn 5 spk 1 4.5 s
turn 6 spk 2 4.4 s
turn 7 spk 0 2.2 s
turn 8 spk 1 6.7 s
turn 9 spk 2 2.2 s
turn 10 spk 0 8.0 s
turn 11 spk 1 3.7 s
turn 12 spk 2 6.3 s
turn 13 spk 0 5.1 s
turn 14 spk 1 4.6 s
turn 15 spk 2 2.2 s
turn 16 spk 0 1.7 s
WROTE episode_libritts.wav 69.4 sec
