transcribing seeds...
Loading weights:   0%|          | 0/245 [00:00<?, ?it/s]Loading weights: 100%|##########| 245/245 [00:00<00:00, 13375.04it/s]
[transformers] Using custom `forced_decoder_ids` from the (generation) config. This is deprecated in favor of the `task` and `language` flags/config options.
[transformers] A custom logits processor of type <class 'transformers.generation.logits_process.SuppressTokensLogitsProcessor'> has been passed to `.generate()`, but it was also created in `.generate()`, given its parameterization. The custom <class 'transformers.generation.logits_process.SuppressTokensLogitsProcessor'> will take precedence. Please check the docstring of <class 'transformers.generation.logits_process.SuppressTokensLogitsProcessor'> to see related `.generate()` flags.
[transformers] A custom logits processor of type <class 'transformers.generation.logits_process.SuppressTokensAtBeginLogitsProcessor'> has been passed to `.generate()`, but it was also created in `.generate()`, given its parameterization. The custom <class 'transformers.generation.logits_process.SuppressTokensAtBeginLogitsProcessor'> will take precedence. Please check the docstring of <class 'transformers.generation.logits_process.SuppressTokensAtBeginLogitsProcessor'> to see related `.generate()` flags.
[transformers] Ignoring clean_up_tokenization_spaces=True for BPE tokenizer WhisperTokenizer. The clean_up_tokenization post-processing step is designed for WordPiece tokenizers and is destructive for BPE (it strips spaces before punctuation). Set clean_up_tokenization_spaces=False to suppress this warning, or set clean_up_tokenization_spaces_for_bpe_even_though_it_will_corrupt_output=True to force cleanup anyway.
[transformers] Model config: pad_token_id must be `None` or an integer within the vocabulary (between 0 and 2050), got 128002. This may result in unexpected behavior.
[transformers] Model config: bos_token_id must be `None` or an integer within the vocabulary (between 0 and 2050), got 128000. This may result in unexpected behavior.
[transformers] Model config: audio_token_id must be `None` or an integer within the vocabulary (between 0 and 2050), got 128002. This may result in unexpected behavior.
[transformers] Model config: audio_eos_token_id must be `None` or an integer within the vocabulary (between 0 and 2050), got 128003. This may result in unexpected behavior.
Fetching 2 files:   0%|          | 0/2 [00:00<?, ?it/s]Fetching 2 files: 100%|##########| 2/2 [00:00<?, ?it/s]
Loading weights:   0%|          | 0/538 [00:00<?, ?it/s]Loading weights:   0%|          | 1/538 [00:00<01:34,  5.66it/s]Loading weights:   3%|2         | 14/538 [00:00<00:09, 57.81it/s]Loading weights:   6%|5         | 31/538 [00:00<00:05, 96.92it/s]Loading weights:   9%|8         | 48/538 [00:00<00:04, 118.66it/s]Loading weights:  11%|#1        | 61/538 [00:00<00:03, 121.47it/s]Loading weights:  14%|#4        | 76/538 [00:00<00:03, 127.22it/s]Loading weights:  17%|#7        | 93/538 [00:00<00:03, 137.53it/s]Loading weights:  20%|##        | 108/538 [00:00<00:03, 140.19it/s]Loading weights:  23%|##2       | 123/538 [00:01<00:03, 136.87it/s]Loading weights:  26%|##5       | 139/538 [00:01<00:02, 141.81it/s]Loading weights:  59%|#####8    | 315/538 [00:01<00:00, 609.11it/s]Loading weights:  92%|#########2| 497/538 [00:01<00:00, 652.74it/s]Loading weights: 100%|##########| 538/538 [00:01<00:00, 284.24it/s]
turn 1 spk 1 5.2 s
turn 2 spk 0 3.5 s
turn 3 spk 1 3.3 s
turn 4 spk 0 5.0 s
turn 5 spk 1 3.6 s
turn 6 spk 0 3.0 s
turn 7 spk 1 3.6 s
turn 8 spk 0 5.8 s
turn 9 spk 1 3.1 s
turn 10 spk 0 3.7 s
turn 11 spk 1 2.9 s
turn 12 spk 0 6.5 s
turn 13 spk 1 4.9 s
turn 14 spk 0 3.0 s
turn 15 spk 1 3.5 s
turn 16 spk 0 0.6 s
WROTE episode_2host_v2.wav 61.8 sec
