ref_m1.wav: median_f0=130 Hz
ref_m2.wav: median_f0=111 Hz
ref_m3.wav: median_f0=124 Hz
PICKED low=ref_m2.wav(111Hz)  high=ref_m1.wav(130Hz)
transcribing chosen refs...
Loading weights:   0%|          | 0/245 [00:00<?, ?it/s]Loading weights: 100%|##########| 245/245 [00:00<00:00, 12016.38it/s]
[transformers] Using custom `forced_decoder_ids` from the (generation) config. This is deprecated in favor of the `task` and `language` flags/config options.
[transformers] A custom logits processor of type <class 'transformers.generation.logits_process.SuppressTokensLogitsProcessor'> has been passed to `.generate()`, but it was also created in `.generate()`, given its parameterization. The custom <class 'transformers.generation.logits_process.SuppressTokensLogitsProcessor'> will take precedence. Please check the docstring of <class 'transformers.generation.logits_process.SuppressTokensLogitsProcessor'> to see related `.generate()` flags.
[transformers] A custom logits processor of type <class 'transformers.generation.logits_process.SuppressTokensAtBeginLogitsProcessor'> has been passed to `.generate()`, but it was also created in `.generate()`, given its parameterization. The custom <class 'transformers.generation.logits_process.SuppressTokensAtBeginLogitsProcessor'> will take precedence. Please check the docstring of <class 'transformers.generation.logits_process.SuppressTokensAtBeginLogitsProcessor'> to see related `.generate()` flags.
[transformers] Ignoring clean_up_tokenization_spaces=True for BPE tokenizer WhisperTokenizer. The clean_up_tokenization post-processing step is designed for WordPiece tokenizers and is destructive for BPE (it strips spaces before punctuation). Set clean_up_tokenization_spaces=False to suppress this warning, or set clean_up_tokenization_spaces_for_bpe_even_though_it_will_corrupt_output=True to force cleanup anyway.
[transformers] Model config: pad_token_id must be `None` or an integer within the vocabulary (between 0 and 2050), got 128002. This may result in unexpected behavior.
[transformers] Model config: bos_token_id must be `None` or an integer within the vocabulary (between 0 and 2050), got 128000. This may result in unexpected behavior.
[transformers] Model config: audio_token_id must be `None` or an integer within the vocabulary (between 0 and 2050), got 128002. This may result in unexpected behavior.
[transformers] Model config: audio_eos_token_id must be `None` or an integer within the vocabulary (between 0 and 2050), got 128003. This may result in unexpected behavior.
Fetching 2 files:   0%|          | 0/2 [00:00<?, ?it/s]Fetching 2 files: 100%|##########| 2/2 [00:00<00:00, 4060.31it/s]
Loading weights:   0%|          | 0/538 [00:00<?, ?it/s]Loading weights:   0%|          | 1/538 [00:00<02:07,  4.21it/s]Loading weights:   2%|2         | 13/538 [00:00<00:11, 47.35it/s]Loading weights:   6%|5         | 30/538 [00:00<00:05, 86.50it/s]Loading weights:   8%|8         | 44/538 [00:00<00:04, 103.11it/s]Loading weights:  11%|#         | 59/538 [00:00<00:04, 112.91it/s]Loading weights:  14%|#4        | 76/538 [00:00<00:03, 127.78it/s]Loading weights:  17%|#7        | 93/538 [00:00<00:03, 137.20it/s]Loading weights:  20%|##        | 108/538 [00:00<00:03, 138.96it/s]Loading weights:  23%|##2       | 123/538 [00:01<00:03, 135.95it/s]Loading weights:  26%|##5       | 139/538 [00:01<00:02, 141.04it/s]Loading weights:  58%|#####8    | 314/538 [00:01<00:00, 601.69it/s]Loading weights:  92%|#########2| 497/538 [00:01<00:00, 923.42it/s]Loading weights: 100%|##########| 538/538 [00:01<00:00, 278.10it/s]
turn 1 spk 0 8.4 s
turn 2 spk 1 3.4 s
turn 3 spk 0 7.0 s
turn 4 spk 1 5.3 s
turn 5 spk 0 5.7 s
turn 6 spk 1 2.1 s
turn 7 spk 0 7.6 s
turn 8 spk 1 1.4 s
turn 9 spk 0 5.7 s
turn 10 spk 1 3.4 s
turn 11 spk 0 6.2 s
turn 12 spk 1 5.3 s
turn 13 spk 0 1.6 s
turn 14 spk 1 5.6 s
turn 15 spk 0 1.0 s
WROTE episode_2host.wav 69.9 sec
